<?xml version="1.0" encoding="UTF-8"?>
<!-- Generated by org.testng.reporters.JUnitXMLReporter -->
<testsuite ignored="0" hostname="LAPTOP-NOS19ERK" failures="0" tests="12" name="Default test" time="413.735" errors="0" timestamp="2023-07-26T18:09:36 IST">
  <testcase classname="liveTicketTestCases.CTMSLiveTicketCheck" name="findCTMSLiveTickets" time="37.94"/>
  <testcase classname="liveTicketTestCases.CTMSLiveTicketCheck" name="findCTMSLiveTickets" time="15.683"/>
  <testcase classname="liveTicketTestCases.CTMSLiveTicketCheck" name="findCTMSLiveTickets" time="34.538"/>
  <testcase classname="liveTicketTestCases.CTMSLiveTicketCheck" name="findCTMSLiveTickets" time="25.322"/>
  <testcase classname="liveTicketTestCases.CTMSLiveTicketCheck" name="findCTMSLiveTickets" time="36.191"/>
  <testcase classname="liveTicketTestCases.CTMSLiveTicketCheck" name="findCTMSLiveTickets" time="56.924"/>
  <testcase classname="liveTicketTestCases.CTMSLiveTicketCheck" name="findCTMSLiveTickets" time="23.447"/>
  <testcase classname="liveTicketTestCases.CTMSLiveTicketCheck" name="findCTMSLiveTickets" time="16.625"/>
  <testcase classname="liveTicketTestCases.CTMSLiveTicketCheck" name="findCTMSLiveTickets" time="17.182"/>
  <testcase classname="liveTicketTestCases.CTMSLiveTicketCheck" name="findCTMSLiveTickets" time="15.607"/>
  <testcase classname="liveTicketTestCases.CTMSLiveTicketCheck" name="findCTMSLiveTickets" time="15.795"/>
  <testcase classname="liveTicketTestCases.CTMSLiveTicketCheck" name="findCTMSLiveTickets" time="16.786"/>
</testsuite> <!-- Default test -->
